빌드 시작: 2014-08-28 오후 10:54:27
     1>2 노드의 "C:\Users\art\Desktop\afreeca_SDK\clpi\Greeting\Greeting.vcxproj" 프로젝트(build 대상)입니다.
     1>InitializeBuildStatus:
         "AlwaysCreate"이(가) 지정되었기 때문에 ".\Debug\Greeting.unsuccessfulbuild"을(를) 만들고 있습니다.
       ClCompile:
         d:\Program Files (x86)\Microsoft Visual Studio 10.0\VC\bin\CL.exe /c /ZI /nologo /W3 /WX- /Od /Oy- /D _DEBUG /D WIN32 /D _WINDOWS /D GREETING_EXPORTS /D _VC80_UPGRADE=0x0600 /D _WINDLL /Gm /EHsc /RTC1 /MTd /GS /Gy- /fp:precise /Zc:wchar_t /Zc:forScope /Fo".\Debug\\" /Fd".\Debug\vc100.pdb" /Gd /TP /analyze- /errorReport:prompt Greeting.cpp StdAfx.cpp
         StdAfx.cpp
         Greeting.cpp
     1>c:\users\art\desktop\afreeca_sdk\clpi\greeting\greeting.cpp(321): warning C4996: 'sprintf': This function or variable may be unsafe. Consider using sprintf_s instead. To disable deprecation, use _CRT_SECURE_NO_WARNINGS. See online help for details.
                 d:\program files (x86)\microsoft visual studio 10.0\vc\include\stdio.h(371) : 'sprintf' 선언을 참조하십시오.
     1>c:\users\art\desktop\afreeca_sdk\clpi\greeting\greeting.cpp(344): warning C4996: 'strcpy': This function or variable may be unsafe. Consider using strcpy_s instead. To disable deprecation, use _CRT_SECURE_NO_WARNINGS. See online help for details.
                 d:\program files (x86)\microsoft visual studio 10.0\vc\include\string.h(105) : 'strcpy' 선언을 참조하십시오.
     1>c:\users\art\desktop\afreeca_sdk\clpi\greeting\greeting.cpp(336): warning C4101: 'msg' :참조되지 않은 지역 변수입니다.
     1>c:\users\art\desktop\afreeca_sdk\clpi\greeting\greeting.cpp(556): warning C4996: 'strcpy': This function or variable may be unsafe. Consider using strcpy_s instead. To disable deprecation, use _CRT_SECURE_NO_WARNINGS. See online help for details.
                 d:\program files (x86)\microsoft visual studio 10.0\vc\include\string.h(105) : 'strcpy' 선언을 참조하십시오.
     1>c:\users\art\desktop\afreeca_sdk\clpi\greeting\greeting.cpp(557): warning C4996: 'strcpy': This function or variable may be unsafe. Consider using strcpy_s instead. To disable deprecation, use _CRT_SECURE_NO_WARNINGS. See online help for details.
                 d:\program files (x86)\microsoft visual studio 10.0\vc\include\string.h(105) : 'strcpy' 선언을 참조하십시오.
     1>c:\users\art\desktop\afreeca_sdk\clpi\greeting\greeting.cpp(560): warning C4996: 'strcpy': This function or variable may be unsafe. Consider using strcpy_s instead. To disable deprecation, use _CRT_SECURE_NO_WARNINGS. See online help for details.
                 d:\program files (x86)\microsoft visual studio 10.0\vc\include\string.h(105) : 'strcpy' 선언을 참조하십시오.
     1>c:\users\art\desktop\afreeca_sdk\clpi\greeting\greeting.cpp(643): warning C4101: 'recvbuf' :참조되지 않은 지역 변수입니다.
         코드를 생성하고 있습니다...
       ManifestResourceCompile:
         C:\Program Files (x86)\Microsoft SDKs\Windows\v7.0A\bin\rc.exe /nologo /fo".\Debug\Greeting.dll.embed.manifest.res" .\Debug\Greeting_manifest.rc 
     1>C:\Program Files (x86)\MSBuild\Microsoft.Cpp\v4.0\Microsoft.CppBuild.targets(990,5): warning MSB8012: TargetPath(C:\Users\art\Desktop\afreeca_SDK\clpi\Greeting\.\../../result\Greeting.dll)이(가) Linker의 OutputFile 속성 값(C:\Users\art\Desktop\afreeca_SDK\result\Greeting.lpi)과 일치하지 않습니다. 이로 인해 프로젝트가 잘못 빌드될 수 있습니다. 이를 수정하려면 $(OutDir), $(TargetName) 및 $(TargetExt) 속성 값이 %(Link.OutputFile)에 지정된 값과 일치해야 합니다.
     1>C:\Program Files (x86)\MSBuild\Microsoft.Cpp\v4.0\Microsoft.CppBuild.targets(991,5): warning MSB8012: TargetExt(.dll)이(가) Linker의 OutputFile 속성 값(.lpi)과 일치하지 않습니다. 이로 인해 프로젝트가 잘못 빌드될 수 있습니다. 이를 수정하려면 $(OutDir), $(TargetName) 및 $(TargetExt) 속성 값이 %(Link.OutputFile)에 지정된 값과 일치해야 합니다.
       Link:
         d:\Program Files (x86)\Microsoft Visual Studio 10.0\VC\bin\link.exe /ERRORREPORT:PROMPT /OUT:"../../result/Greeting.lpi" /INCREMENTAL /NOLOGO odbc32.lib odbccp32.lib kernel32.lib user32.lib gdi32.lib winspool.lib comdlg32.lib advapi32.lib shell32.lib ole32.lib oleaut32.lib uuid.lib odbc32.lib odbccp32.lib /MANIFEST /ManifestFile:".\Debug\Greeting.dll.intermediate.manifest" /MANIFESTUAC:"level='asInvoker' uiAccess='false'" /DEBUG /PDB:"C:\Users\art\Desktop\afreeca_SDK\result\Greeting.pdb" /SUBSYSTEM:WINDOWS /TLBID:1 /DYNAMICBASE /NXCOMPAT /IMPLIB:".\../../result\Greeting.lib" /MACHINE:X86 /DLL .\Debug\Greeting.dll.embed.manifest.res
         .\Debug\Greeting.obj
         .\Debug\StdAfx.obj
            .\../../result\Greeting.lib 라이브러리 및 .\../../result\Greeting.exp 개체를 생성하고 있습니다.
       Manifest:
         C:\Program Files (x86)\Microsoft SDKs\Windows\v7.0A\bin\mt.exe /nologo /verbose /out:".\Debug\Greeting.dll.embed.manifest" /manifest .\Debug\Greeting.dll.intermediate.manifest
         C:\Program Files (x86)\Microsoft SDKs\Windows\v7.0A\bin\rc.exe /nologo /fo".\Debug\Greeting.dll.embed.manifest.res" .\Debug\Greeting_manifest.rc 
       LinkEmbedManifest:
         d:\Program Files (x86)\Microsoft Visual Studio 10.0\VC\bin\link.exe /ERRORREPORT:PROMPT /OUT:"../../result/Greeting.lpi" /INCREMENTAL /NOLOGO odbc32.lib odbccp32.lib kernel32.lib user32.lib gdi32.lib winspool.lib comdlg32.lib advapi32.lib shell32.lib ole32.lib oleaut32.lib uuid.lib odbc32.lib odbccp32.lib /MANIFEST /ManifestFile:".\Debug\Greeting.dll.intermediate.manifest" /MANIFESTUAC:"level='asInvoker' uiAccess='false'" /DEBUG /PDB:"C:\Users\art\Desktop\afreeca_SDK\result\Greeting.pdb" /SUBSYSTEM:WINDOWS /TLBID:1 /DYNAMICBASE /NXCOMPAT /IMPLIB:".\../../result\Greeting.lib" /MACHINE:X86 /DLL .\Debug\Greeting.dll.embed.manifest.res
         .\Debug\Greeting.obj
         .\Debug\StdAfx.obj
            .\../../result\Greeting.lib 라이브러리 및 .\../../result\Greeting.exp 개체를 생성하고 있습니다.
         Greeting.vcxproj -> C:\Users\art\Desktop\afreeca_SDK\clpi\Greeting\.\../../result\Greeting.dll
       FinalizeBuildStatus:
         ".\Debug\Greeting.unsuccessfulbuild" 파일을 삭제하고 있습니다.
         ".\Debug\Greeting.lastbuildstate"에 연결(touching)하고 있습니다.
     1>"C:\Users\art\Desktop\afreeca_SDK\clpi\Greeting\Greeting.vcxproj" 프로젝트를 빌드했습니다(build 대상).

빌드했습니다.

경과 시간: 00:00:01.33
