.\../../result\Greeting.ilk
.\../../result\Greeting.pdb
C:\Users\art\Desktop\afreeca_SDK\clpi\Greeting\Debug\cl.command.1.tlog
C:\Users\art\Desktop\afreeca_SDK\clpi\Greeting\Debug\CL.read.1.tlog
C:\Users\art\Desktop\afreeca_SDK\clpi\Greeting\Debug\CL.write.1.tlog
C:\USERS\ART\DESKTOP\AFREECA_SDK\CLPI\GREETING\DEBUG\GREETING.DLL.EMBED.MANIFEST
C:\USERS\ART\DESKTOP\AFREECA_SDK\CLPI\GREETING\DEBUG\GREETING.DLL.EMBED.MANIFEST.RES
C:\USERS\ART\DESKTOP\AFREECA_SDK\CLPI\GREETING\DEBUG\GREETING.DLL.INTERMEDIATE.MANIFEST
C:\USERS\ART\DESKTOP\AFREECA_SDK\CLPI\GREETING\DEBUG\GREETING.OBJ
C:\Users\art\Desktop\afreeca_SDK\clpi\Greeting\Debug\Greeting.vcxprojResolveAssemblyReference.cache
C:\Users\art\Desktop\afreeca_SDK\clpi\Greeting\Debug\Greeting.write.1.tlog
C:\Users\art\Desktop\afreeca_SDK\clpi\Greeting\Debug\Greeting_manifest.rc
C:\Users\art\Desktop\afreeca_SDK\clpi\Greeting\Debug\link.2984.read.1.tlog
C:\Users\art\Desktop\afreeca_SDK\clpi\Greeting\Debug\link.2984.write.1.tlog
C:\Users\art\Desktop\afreeca_SDK\clpi\Greeting\Debug\link.2984-cvtres.read.1.tlog
C:\Users\art\Desktop\afreeca_SDK\clpi\Greeting\Debug\link.2984-cvtres.write.1.tlog
C:\Users\art\Desktop\afreeca_SDK\clpi\Greeting\Debug\link.4832.read.1.tlog
C:\Users\art\Desktop\afreeca_SDK\clpi\Greeting\Debug\link.4832.write.1.tlog
C:\Users\art\Desktop\afreeca_SDK\clpi\Greeting\Debug\link.4832-cvtres.read.1.tlog
C:\Users\art\Desktop\afreeca_SDK\clpi\Greeting\Debug\link.4832-cvtres.write.1.tlog
C:\Users\art\Desktop\afreeca_SDK\clpi\Greeting\Debug\link.5580.read.1.tlog
C:\Users\art\Desktop\afreeca_SDK\clpi\Greeting\Debug\link.5580.write.1.tlog
C:\Users\art\Desktop\afreeca_SDK\clpi\Greeting\Debug\link.5580-cvtres.read.1.tlog
C:\Users\art\Desktop\afreeca_SDK\clpi\Greeting\Debug\link.5580-cvtres.write.1.tlog
C:\Users\art\Desktop\afreeca_SDK\clpi\Greeting\Debug\link.6108.read.1.tlog
C:\Users\art\Desktop\afreeca_SDK\clpi\Greeting\Debug\link.6108.write.1.tlog
C:\Users\art\Desktop\afreeca_SDK\clpi\Greeting\Debug\link.6108-cvtres.read.1.tlog
C:\Users\art\Desktop\afreeca_SDK\clpi\Greeting\Debug\link.6108-cvtres.write.1.tlog
C:\Users\art\Desktop\afreeca_SDK\clpi\Greeting\Debug\link.command.1.tlog
C:\Users\art\Desktop\afreeca_SDK\clpi\Greeting\Debug\link.read.1.tlog
C:\Users\art\Desktop\afreeca_SDK\clpi\Greeting\Debug\link.write.1.tlog
C:\Users\art\Desktop\afreeca_SDK\clpi\Greeting\Debug\link-cvtres.read.1.tlog
C:\Users\art\Desktop\afreeca_SDK\clpi\Greeting\Debug\link-cvtres.write.1.tlog
C:\Users\art\Desktop\afreeca_SDK\clpi\Greeting\Debug\mt.command.1.tlog
C:\Users\art\Desktop\afreeca_SDK\clpi\Greeting\Debug\mt.read.1.tlog
C:\Users\art\Desktop\afreeca_SDK\clpi\Greeting\Debug\mt.write.1.tlog
C:\Users\art\Desktop\afreeca_SDK\clpi\Greeting\Debug\rc.command.1.tlog
C:\Users\art\Desktop\afreeca_SDK\clpi\Greeting\Debug\rc.read.1.tlog
C:\Users\art\Desktop\afreeca_SDK\clpi\Greeting\Debug\rc.write.1.tlog
C:\USERS\ART\DESKTOP\AFREECA_SDK\CLPI\GREETING\DEBUG\STDAFX.OBJ
C:\Users\art\Desktop\afreeca_SDK\clpi\Greeting\Debug\vc100.idb
C:\USERS\ART\DESKTOP\AFREECA_SDK\CLPI\GREETING\DEBUG\VC100.PDB
C:\Users\art\Desktop\afreeca_SDK\result\Greeting.exp
C:\USERS\ART\DESKTOP\AFREECA_SDK\RESULT\GREETING.ILK
C:\Users\art\Desktop\afreeca_SDK\result\Greeting.lib
C:\USERS\ART\DESKTOP\AFREECA_SDK\RESULT\GREETING.LPI
C:\USERS\ART\DESKTOP\AFREECA_SDK\RESULT\GREETING.PDB
