빌드 시작: 2014-08-29 오후 3:33:36
     1>2 노드의 "D:\build\AfreecaReceiver\AfreecaReceiver\AfreecaReceiver.vcxproj" 프로젝트(build 대상)입니다.
     1>InitializeBuildStatus:
         "AlwaysCreate"이(가) 지정되었기 때문에 "Debug\AfreecaReceiver.unsuccessfulbuild"을(를) 만들고 있습니다.
       ClCompile:
         d:\Program Files (x86)\Microsoft Visual Studio 10.0\VC\bin\CL.exe /c /ZI /nologo /W3 /WX- /Od /Oy- /D WIN32 /D _DEBUG /D _CONSOLE /Gm /EHsc /RTC1 /MDd /GS /fp:precise /Zc:wchar_t /Zc:forScope /Fo"Debug\\" /Fd"Debug\vc100.pdb" /Gd /TP /analyze- /errorReport:prompt main.cpp
         main.cpp
     1>d:\build\afreecareceiver\afreecareceiver\main.cpp(393): warning C4996: 'strncpy': This function or variable may be unsafe. Consider using strncpy_s instead. To disable deprecation, use _CRT_SECURE_NO_WARNINGS. See online help for details.
                 d:\program files (x86)\microsoft visual studio 10.0\vc\include\string.h(188) : 'strncpy' 선언을 참조하십시오.
     1>d:\build\afreecareceiver\afreecareceiver\main.cpp(404): warning C4996: 'strncpy': This function or variable may be unsafe. Consider using strncpy_s instead. To disable deprecation, use _CRT_SECURE_NO_WARNINGS. See online help for details.
                 d:\program files (x86)\microsoft visual studio 10.0\vc\include\string.h(188) : 'strncpy' 선언을 참조하십시오.
     1>d:\build\afreecareceiver\afreecareceiver\main.cpp(478): warning C4101: 'iSendResult' :참조되지 않은 지역 변수입니다.
       ManifestResourceCompile:
         모든 출력이 최신 상태입니다.
       Link:
         d:\Program Files (x86)\Microsoft Visual Studio 10.0\VC\bin\link.exe /ERRORREPORT:PROMPT /OUT:"D:\build\AfreecaReceiver\Debug\AfreecaReceiver.exe" /INCREMENTAL /NOLOGO kernel32.lib user32.lib gdi32.lib winspool.lib comdlg32.lib advapi32.lib shell32.lib ole32.lib oleaut32.lib uuid.lib odbc32.lib odbccp32.lib /MANIFEST /ManifestFile:"Debug\AfreecaReceiver.exe.intermediate.manifest" /MANIFESTUAC:"level='asInvoker' uiAccess='false'" /DEBUG /PDB:"D:\build\AfreecaReceiver\Debug\AfreecaReceiver.pdb" /SUBSYSTEM:CONSOLE /TLBID:1 /DYNAMICBASE /NXCOMPAT /IMPLIB:"D:\build\AfreecaReceiver\Debug\AfreecaReceiver.lib" /MACHINE:X86 Debug\AfreecaReceiver.exe.embed.manifest.res
         Debug\main.obj
       Manifest:
         C:\Program Files (x86)\Microsoft SDKs\Windows\v7.0A\bin\mt.exe /nologo /verbose /out:"Debug\AfreecaReceiver.exe.embed.manifest" /manifest Debug\AfreecaReceiver.exe.intermediate.manifest
         모든 출력이 최신 상태입니다.
       LinkEmbedManifest:
         모든 출력이 최신 상태입니다.
         AfreecaReceiver.vcxproj -> D:\build\AfreecaReceiver\Debug\AfreecaReceiver.exe
       FinalizeBuildStatus:
         "Debug\AfreecaReceiver.unsuccessfulbuild" 파일을 삭제하고 있습니다.
         "Debug\AfreecaReceiver.lastbuildstate"에 연결(touching)하고 있습니다.
     1>"D:\build\AfreecaReceiver\AfreecaReceiver\AfreecaReceiver.vcxproj" 프로젝트를 빌드했습니다(build 대상).

빌드했습니다.

경과 시간: 00:00:01.18
