D:\BUILD\AFREECARECEIVER\AFREECARECEIVER\DEBUG\AFREECARECEIVER.EXE.EMBED.MANIFEST
D:\BUILD\AFREECARECEIVER\AFREECARECEIVER\DEBUG\AFREECARECEIVER.EXE.EMBED.MANIFEST.RES
D:\build\AfreecaReceiver\AfreecaReceiver\Debug\AfreecaReceiver.exe.intermediate.manifest
D:\build\AfreecaReceiver\AfreecaReceiver\Debug\AfreecaReceiver.vcxprojResolveAssemblyReference.cache
D:\build\AfreecaReceiver\AfreecaReceiver\Debug\AfreecaReceiver.write.1.tlog
D:\build\AfreecaReceiver\AfreecaReceiver\Debug\AfreecaReceiver_manifest.rc
D:\build\AfreecaReceiver\AfreecaReceiver\Debug\cl.command.1.tlog
D:\build\AfreecaReceiver\AfreecaReceiver\Debug\CL.read.1.tlog
D:\build\AfreecaReceiver\AfreecaReceiver\Debug\CL.write.1.tlog
D:\build\AfreecaReceiver\AfreecaReceiver\Debug\link.2436.read.1.tlog
D:\build\AfreecaReceiver\AfreecaReceiver\Debug\link.2436.write.1.tlog
D:\build\AfreecaReceiver\AfreecaReceiver\Debug\link.2436-cvtres.read.1.tlog
D:\build\AfreecaReceiver\AfreecaReceiver\Debug\link.2436-cvtres.write.1.tlog
D:\build\AfreecaReceiver\AfreecaReceiver\Debug\link.4660.read.1.tlog
D:\build\AfreecaReceiver\AfreecaReceiver\Debug\link.4660.write.1.tlog
D:\build\AfreecaReceiver\AfreecaReceiver\Debug\link.4660-cvtres.read.1.tlog
D:\build\AfreecaReceiver\AfreecaReceiver\Debug\link.4660-cvtres.write.1.tlog
D:\build\AfreecaReceiver\AfreecaReceiver\Debug\link.6364.read.1.tlog
D:\build\AfreecaReceiver\AfreecaReceiver\Debug\link.6364.write.1.tlog
D:\build\AfreecaReceiver\AfreecaReceiver\Debug\link.6364-cvtres.read.1.tlog
D:\build\AfreecaReceiver\AfreecaReceiver\Debug\link.6364-cvtres.write.1.tlog
D:\build\AfreecaReceiver\AfreecaReceiver\Debug\link.6368.read.1.tlog
D:\build\AfreecaReceiver\AfreecaReceiver\Debug\link.6368.write.1.tlog
D:\build\AfreecaReceiver\AfreecaReceiver\Debug\link.6368-cvtres.read.1.tlog
D:\build\AfreecaReceiver\AfreecaReceiver\Debug\link.6368-cvtres.write.1.tlog
D:\build\AfreecaReceiver\AfreecaReceiver\Debug\link.6436.read.1.tlog
D:\build\AfreecaReceiver\AfreecaReceiver\Debug\link.6436.write.1.tlog
D:\build\AfreecaReceiver\AfreecaReceiver\Debug\link.6436-cvtres.read.1.tlog
D:\build\AfreecaReceiver\AfreecaReceiver\Debug\link.6436-cvtres.write.1.tlog
D:\build\AfreecaReceiver\AfreecaReceiver\Debug\link.7140.read.1.tlog
D:\build\AfreecaReceiver\AfreecaReceiver\Debug\link.7140.write.1.tlog
D:\build\AfreecaReceiver\AfreecaReceiver\Debug\link.7140-cvtres.read.1.tlog
D:\build\AfreecaReceiver\AfreecaReceiver\Debug\link.7140-cvtres.write.1.tlog
D:\build\AfreecaReceiver\AfreecaReceiver\Debug\link.command.1.tlog
D:\build\AfreecaReceiver\AfreecaReceiver\Debug\link.read.1.tlog
D:\build\AfreecaReceiver\AfreecaReceiver\Debug\link.write.1.tlog
D:\build\AfreecaReceiver\AfreecaReceiver\Debug\link-cvtres.read.1.tlog
D:\build\AfreecaReceiver\AfreecaReceiver\Debug\link-cvtres.write.1.tlog
D:\BUILD\AFREECARECEIVER\AFREECARECEIVER\DEBUG\MAIN.OBJ
D:\build\AfreecaReceiver\AfreecaReceiver\Debug\mt.command.1.tlog
D:\build\AfreecaReceiver\AfreecaReceiver\Debug\mt.read.1.tlog
D:\build\AfreecaReceiver\AfreecaReceiver\Debug\mt.write.1.tlog
D:\build\AfreecaReceiver\AfreecaReceiver\Debug\rc.command.1.tlog
D:\build\AfreecaReceiver\AfreecaReceiver\Debug\rc.read.1.tlog
D:\build\AfreecaReceiver\AfreecaReceiver\Debug\rc.write.1.tlog
D:\build\AfreecaReceiver\AfreecaReceiver\Debug\vc100.idb
D:\BUILD\AFREECARECEIVER\AFREECARECEIVER\DEBUG\VC100.PDB
D:\build\AfreecaReceiver\Debug\AfreecaReceiver.pdb
